
								p gina: 1 

 Listado Fuente: ejer3a.LST
 Programa Fuente en: ejer3a.ASM
 Fecha: Tue Nov 14 17:10:38 2017

 ÚDir.ÚCodigo maquina	 Linea¿	ÚCodigo en lenguaje ensamble

			      1	HAND	EQU	40h
			      2	
			      3		ORG 	1000h
 1000 68 6F 6C 61 20 6D	      4	DATO	DB	"hola mundos"
 1006 75 6E 64 6F 73
 100B 68		      5	FIN	DB	?
			      6	
			      7		ORG	2000h	
			      8	
 2000 E4 41		      9		IN 	AL,HAND+1
 2002 80 E0 7F		     10		AND	AL, 7Fh
 2005 E6 41		     11		OUT 	HAND+1, AL
 2007 BB 00 10		     12		MOV 	BX, OFFSET DATO
 200A B1 0B		     13		MOV 	CL, OFFSET FIN - OFFSET DATO
 200C E4 41		     14	POLL:	IN 	AL, HAND+1
 200E 80 E0 01		     15		AND 	AL, 1
 2011 75 F9		     16		JNZ	POLL
 2013 8A 07		     17		MOV	AL, [BX]
 2015 E6 40		     18		OUT	HAND, AL
 2017 FF C3		     19		INC 	BX
 2019 FE C9		     20		DEC	CL
 201B 75 EF		     21		JNZ	POLL
			     22	
 201D CD 00		     23		INT 	0	
			     24		END


 S I M B O L O S:

 Nombre:	Tipo:		Valor:

 HAND    	Number		  40h
 DATO    	Byte		1000h
 FIN     	Byte		100Bh
 POLL    	Label		200Ch